<?xml version="1.0" encoding="UTF-8"?>
<!-- Generated by org.testng.reporters.JUnitXMLReporter -->
<testsuite ignored="0" hostname="DESKTOP-FQ85KJ8" failures="0" tests="3" name="Test" time="61.088" errors="0" timestamp="2023-01-03T22:29:44 IST">
  <testcase classname="com.SauceDemo.TestPackage.TC02_VerifyHomepageFunctionality" name="verify_addToCart" time="0.15"/>
  <testcase classname="com.SauceDemo.TestPackage.TC01_verifyLoginFunctionality" name="verify_loginFunctionality" time="0.007"/>
  <testcase classname="com.SauceDemo.TestPackage.TC03_VerifyAddToCartFunctionality" name="verifyAllproduct" time="0.254"/>
</testsuite> <!-- Test -->
