<?xml version="1.0" encoding="UTF-8"?>
<testng-results ignored="0" total="3" passed="3" failed="0" skipped="0">
  <reporter-output>
  </reporter-output>
  <suite started-at="2023-01-03T22:28:43 IST" name="Suite" finished-at="2023-01-03T22:29:44 IST" duration-ms="61088">
    <groups>
    </groups>
    <test started-at="2023-01-03T22:28:43 IST" name="Test" finished-at="2023-01-03T22:29:44 IST" duration-ms="61088">
      <class name="com.SauceDemo.TestPackage.TC02_VerifyHomepageFunctionality">
        <test-method is-config="true" signature="setup()[pri:0, instance:com.SauceDemo.TestPackage.TC02_VerifyHomepageFunctionality@4659191b]" started-at="2023-01-03T22:28:43 IST" name="setup" finished-at="2023-01-03T22:28:59 IST" duration-ms="16258" status="PASS">
          <reporter-output>
          </reporter-output>
        </test-method> <!-- setup -->
        <test-method is-config="true" signature="loginsetup()[pri:0, instance:com.SauceDemo.TestPackage.TC02_VerifyHomepageFunctionality@4659191b]" started-at="2023-01-03T22:28:59 IST" name="loginsetup" finished-at="2023-01-03T22:28:59 IST" duration-ms="539" status="PASS">
          <reporter-output>
          </reporter-output>
        </test-method> <!-- loginsetup -->
        <test-method signature="verify_addToCart()[pri:2, instance:com.SauceDemo.TestPackage.TC02_VerifyHomepageFunctionality@4659191b]" started-at="2023-01-03T22:28:59 IST" name="verify_addToCart" finished-at="2023-01-03T22:28:59 IST" duration-ms="150" status="PASS">
          <reporter-output>
          </reporter-output>
        </test-method> <!-- verify_addToCart -->
        <test-method is-config="true" signature="logoutsetup()[pri:0, instance:com.SauceDemo.TestPackage.TC02_VerifyHomepageFunctionality@4659191b]" started-at="2023-01-03T22:28:59 IST" name="logoutsetup" finished-at="2023-01-03T22:29:00 IST" duration-ms="461" status="PASS">
          <reporter-output>
          </reporter-output>
        </test-method> <!-- logoutsetup -->
        <test-method is-config="true" signature="tearDown()[pri:0, instance:com.SauceDemo.TestPackage.TC02_VerifyHomepageFunctionality@4659191b]" started-at="2023-01-03T22:29:00 IST" name="tearDown" finished-at="2023-01-03T22:29:00 IST" duration-ms="276" status="PASS">
          <reporter-output>
          </reporter-output>
        </test-method> <!-- tearDown -->
      </class> <!-- com.SauceDemo.TestPackage.TC02_VerifyHomepageFunctionality -->
      <class name="com.SauceDemo.TestPackage.TC01_verifyLoginFunctionality">
        <test-method is-config="true" signature="setup()[pri:0, instance:com.SauceDemo.TestPackage.TC01_verifyLoginFunctionality@4efac082]" started-at="2023-01-03T22:29:00 IST" name="setup" finished-at="2023-01-03T22:29:15 IST" duration-ms="14886" status="PASS">
          <reporter-output>
          </reporter-output>
        </test-method> <!-- setup -->
        <test-method is-config="true" signature="loginsetup()[pri:0, instance:com.SauceDemo.TestPackage.TC01_verifyLoginFunctionality@4efac082]" started-at="2023-01-03T22:29:15 IST" name="loginsetup" finished-at="2023-01-03T22:29:16 IST" duration-ms="480" status="PASS">
          <reporter-output>
          </reporter-output>
        </test-method> <!-- loginsetup -->
        <test-method signature="verify_loginFunctionality()[pri:1, instance:com.SauceDemo.TestPackage.TC01_verifyLoginFunctionality@4efac082]" started-at="2023-01-03T22:29:16 IST" name="verify_loginFunctionality" finished-at="2023-01-03T22:29:16 IST" duration-ms="7" status="PASS">
          <reporter-output>
          </reporter-output>
        </test-method> <!-- verify_loginFunctionality -->
        <test-method is-config="true" signature="logoutsetup()[pri:0, instance:com.SauceDemo.TestPackage.TC01_verifyLoginFunctionality@4efac082]" started-at="2023-01-03T22:29:16 IST" name="logoutsetup" finished-at="2023-01-03T22:29:16 IST" duration-ms="361" status="PASS">
          <reporter-output>
          </reporter-output>
        </test-method> <!-- logoutsetup -->
        <test-method is-config="true" signature="tearDown()[pri:0, instance:com.SauceDemo.TestPackage.TC01_verifyLoginFunctionality@4efac082]" started-at="2023-01-03T22:29:16 IST" name="tearDown" finished-at="2023-01-03T22:29:16 IST" duration-ms="223" status="PASS">
          <reporter-output>
          </reporter-output>
        </test-method> <!-- tearDown -->
      </class> <!-- com.SauceDemo.TestPackage.TC01_verifyLoginFunctionality -->
      <class name="com.SauceDemo.TestPackage.TC03_VerifyAddToCartFunctionality">
        <test-method is-config="true" signature="setup()[pri:0, instance:com.SauceDemo.TestPackage.TC03_VerifyAddToCartFunctionality@6bd61f98]" started-at="2023-01-03T22:29:16 IST" name="setup" finished-at="2023-01-03T22:29:42 IST" duration-ms="26182" status="PASS">
          <reporter-output>
          </reporter-output>
        </test-method> <!-- setup -->
        <test-method is-config="true" signature="loginsetup()[pri:0, instance:com.SauceDemo.TestPackage.TC03_VerifyAddToCartFunctionality@6bd61f98]" started-at="2023-01-03T22:29:42 IST" name="loginsetup" finished-at="2023-01-03T22:29:43 IST" duration-ms="443" status="PASS">
          <reporter-output>
          </reporter-output>
        </test-method> <!-- loginsetup -->
        <test-method signature="verifyAllproduct()[pri:3, instance:com.SauceDemo.TestPackage.TC03_VerifyAddToCartFunctionality@6bd61f98]" started-at="2023-01-03T22:29:43 IST" name="verifyAllproduct" finished-at="2023-01-03T22:29:43 IST" duration-ms="254" status="PASS">
          <reporter-output>
          </reporter-output>
        </test-method> <!-- verifyAllproduct -->
        <test-method is-config="true" signature="logoutsetup()[pri:0, instance:com.SauceDemo.TestPackage.TC03_VerifyAddToCartFunctionality@6bd61f98]" started-at="2023-01-03T22:29:43 IST" name="logoutsetup" finished-at="2023-01-03T22:29:43 IST" duration-ms="299" status="PASS">
          <reporter-output>
          </reporter-output>
        </test-method> <!-- logoutsetup -->
        <test-method is-config="true" signature="tearDown()[pri:0, instance:com.SauceDemo.TestPackage.TC03_VerifyAddToCartFunctionality@6bd61f98]" started-at="2023-01-03T22:29:43 IST" name="tearDown" finished-at="2023-01-03T22:29:44 IST" duration-ms="213" status="PASS">
          <reporter-output>
          </reporter-output>
        </test-method> <!-- tearDown -->
      </class> <!-- com.SauceDemo.TestPackage.TC03_VerifyAddToCartFunctionality -->
    </test> <!-- Test -->
  </suite> <!-- Suite -->
</testng-results>
